<?xml version="1.0" encoding="UTF-8"?>
<!-- Generated by org.testng.reporters.JUnitXMLReporter -->
<testsuite ignored="4" hostname="srishti" failures="0" tests="6" name="Test" time="11.204" errors="0" timestamp="2024-10-17T11:44:24 IST">
  <testcase classname="script.Demo1" name="testA" time="0.029"/>
  <testcase classname="script.Demo2" name="testB" time="0.011"/>
  <testcase classname="script.Demo3" name="testC" time="0.017"/>
  <testcase classname="script.Demo4" name="createUser" time="0.002"/>
  <testcase classname="script.DemoX" name="createUser" time="0.003"/>
  <testcase classname="script.DemoX" name="deleteUser" time="0.001"/>
  <testcase classname="generic.BaseTest" name="@AfterSuite generateReport" time="0.0">
    <ignored/>
  </testcase> <!-- @AfterSuite generateReport -->
  <testcase classname="generic.BaseTest" name="@AfterSuite generateReport" time="0.0">
    <ignored/>
  </testcase> <!-- @AfterSuite generateReport -->
  <testcase classname="generic.BaseTest" name="@BeforeSuite initReport" time="0.0">
    <ignored/>
  </testcase> <!-- @BeforeSuite initReport -->
  <testcase classname="generic.BaseTest" name="@BeforeSuite initReport" time="0.0">
    <ignored/>
  </testcase> <!-- @BeforeSuite initReport -->
</testsuite> <!-- Test -->
